# JRE version: OpenJDK Runtime Environment Microsoft-8035246 (17.0.8+7) (build 17.0.8+7-LTS)
# Java VM: OpenJDK 64-Bit Server VM Microsoft-8035246 (17.0.8+7-LTS, mixed mode, sharing, tiered, compressed oops, compressed class ptrs, g1 gc, windows-amd64)
GC Precious Log:
 CPUs: 4 total, 4 available
 Memory: 8080M
 Large Page Support: Disabled
 NUMA Support: Disabled
 Compressed Oops: Enabled (32-bit)
 Heap Region Size: 1M
 Heap Min Capacity: 8M
 Heap Initial Capacity: 128M
 Heap Max Capacity: 2G
 Pre-touch: Disabled
 Parallel Workers: 4
 Concurrent Workers: 1
 Concurrent Refinement Workers: 4
 Periodic GC: Disabled
Heap:
 garbage-first heap   total 352256K, used 251175K [0x0000000080000000, 0x0000000100000000)
  region size 1024K, 63 young (64512K), 3 survivors (3072K)
 Metaspace       used 109590K, committed 110848K, reserved 557056K
  class space    used 15063K, committed 15616K, reserved 425984K
GC Heap History (20 events):
Event: 37.922 GC heap before
{Heap before GC invocations=42 (full 0):
 garbage-first heap   total 325632K, used 245468K [0x0000000080000000, 0x0000000100000000)
  region size 1024K, 151 young (154624K), 11 survivors (11264K)
 Metaspace       used 93841K, committed 94720K, reserved 557056K
  class space    used 13217K, committed 13632K, reserved 425984K
}
Event: 37.955 GC heap after
{Heap after GC invocations=43 (full 0):
 garbage-first heap   total 325632K, used 110914K [0x0000000080000000, 0x0000000100000000)
  region size 1024K, 13 young (13312K), 13 survivors (13312K)
 Metaspace       used 93841K, committed 94720K, reserved 557056K
  class space    used 13217K, committed 13632K, reserved 425984K
}
Event: 37.988 GC heap before
{Heap before GC invocations=43 (full 0):
 garbage-first heap   total 325632K, used 112962K [0x0000000080000000, 0x0000000100000000)
  region size 1024K, 15 young (15360K), 13 survivors (13312K)
 Metaspace       used 93869K, committed 94784K, reserved 557056K
  class space    used 13220K, committed 13632K, reserved 425984K
}
Event: 38.009 GC heap after
{Heap after GC invocations=44 (full 0):
 garbage-first heap   total 325632K, used 111877K [0x0000000080000000, 0x0000000100000000)
  region size 1024K, 2 young (2048K), 2 survivors (2048K)
 Metaspace       used 93869K, committed 94784K, reserved 557056K
  class space    used 13220K, committed 13632K, reserved 425984K
}
Event: 41.051 GC heap before
{Heap before GC invocations=44 (full 0):
 garbage-first heap   total 325632K, used 258309K [0x0000000080000000, 0x0000000100000000)
  region size 1024K, 140 young (143360K), 2 survivors (2048K)
 Metaspace       used 98678K, committed 99712K, reserved 557056K
  class space    used 13799K, committed 14272K, reserved 425984K
}
Event: 41.084 GC heap after
{Heap after GC invocations=45 (full 0):
 garbage-first heap   total 325632K, used 142848K [0x0000000080000000, 0x0000000100000000)
  region size 1024K, 18 young (18432K), 18 survivors (18432K)
 Metaspace       used 98678K, committed 99712K, reserved 557056K
  class space    used 13799K, committed 14272K, reserved 425984K
}
Event: 42.401 GC heap before
{Heap before GC invocations=45 (full 0):
 garbage-first heap   total 325632K, used 202240K [0x0000000080000000, 0x0000000100000000)
  region size 1024K, 78 young (79872K), 18 survivors (18432K)
 Metaspace       used 99556K, committed 100608K, reserved 557056K
  class space    used 13893K, committed 14336K, reserved 425984K
}
Event: 42.442 GC heap after
{Heap after GC invocations=46 (full 0):
 garbage-first heap   total 325632K, used 153595K [0x0000000080000000, 0x0000000100000000)
  region size 1024K, 10 young (10240K), 10 survivors (10240K)
 Metaspace       used 99556K, committed 100608K, reserved 557056K
  class space    used 13893K, committed 14336K, reserved 425984K
}
Event: 44.597 GC heap before
{Heap before GC invocations=47 (full 0):
 garbage-first heap   total 325632K, used 257019K [0x0000000080000000, 0x0000000100000000)
  region size 1024K, 109 young (111616K), 10 survivors (10240K)
 Metaspace       used 104462K, committed 105664K, reserved 557056K
  class space    used 14574K, committed 15104K, reserved 425984K
}
Event: 44.629 GC heap after
{Heap after GC invocations=48 (full 0):
 garbage-first heap   total 325632K, used 169454K [0x0000000080000000, 0x0000000100000000)
  region size 1024K, 13 young (13312K), 13 survivors (13312K)
 Metaspace       used 104462K, committed 105664K, reserved 557056K
  class space    used 14574K, committed 15104K, reserved 425984K
}
Event: 44.662 GC heap before
{Heap before GC invocations=48 (full 0):
 garbage-first heap   total 325632K, used 171502K [0x0000000080000000, 0x0000000100000000)
  region size 1024K, 15 young (15360K), 13 survivors (13312K)
 Metaspace       used 104637K, committed 105792K, reserved 557056K
  class space    used 14598K, committed 15104K, reserved 425984K
}
Event: 44.686 GC heap after
{Heap after GC invocations=49 (full 0):
 garbage-first heap   total 325632K, used 168960K [0x0000000080000000, 0x0000000100000000)
  region size 1024K, 2 young (2048K), 2 survivors (2048K)
 Metaspace       used 104637K, committed 105792K, reserved 557056K
  class space    used 14598K, committed 15104K, reserved 425984K
}
Event: 46.566 GC heap before
{Heap before GC invocations=49 (full 0):
 garbage-first heap   total 325632K, used 260096K [0x0000000080000000, 0x0000000100000000)
  region size 1024K, 91 young (93184K), 2 survivors (2048K)
 Metaspace       used 106809K, committed 108096K, reserved 557056K
  class space    used 14843K, committed 15424K, reserved 425984K
}
Event: 46.596 GC heap after
{Heap after GC invocations=50 (full 0):
 garbage-first heap   total 325632K, used 178109K [0x0000000080000000, 0x0000000100000000)
  region size 1024K, 11 young (11264K), 11 survivors (11264K)
 Metaspace       used 106809K, committed 108096K, reserved 557056K
  class space    used 14843K, committed 15424K, reserved 425984K
}
Event: 47.670 GC heap before
{Heap before GC invocations=50 (full 0):
 garbage-first heap   total 325632K, used 250813K [0x0000000080000000, 0x0000000100000000)
  region size 1024K, 84 young (86016K), 11 survivors (11264K)
 Metaspace       used 108390K, committed 109632K, reserved 557056K
  class space    used 14983K, committed 15552K, reserved 425984K
}
Event: 47.707 GC heap after
{Heap after GC invocations=51 (full 0):
 garbage-first heap   total 325632K, used 187984K [0x0000000080000000, 0x0000000100000000)
  region size 1024K, 10 young (10240K), 10 survivors (10240K)
 Metaspace       used 108390K, committed 109632K, reserved 557056K
  class space    used 14983K, committed 15552K, reserved 425984K
}
Event: 49.496 GC heap before
{Heap before GC invocations=52 (full 0):
 garbage-first heap   total 352256K, used 265808K [0x0000000080000000, 0x0000000100000000)
  region size 1024K, 82 young (83968K), 10 survivors (10240K)
 Metaspace       used 109589K, committed 110848K, reserved 557056K
  class space    used 15063K, committed 15616K, reserved 425984K
}
Event: 49.520 GC heap after
{Heap after GC invocations=53 (full 0):
 garbage-first heap   total 352256K, used 192371K [0x0000000080000000, 0x0000000100000000)
  region size 1024K, 6 young (6144K), 6 survivors (6144K)
 Metaspace       used 109589K, committed 110848K, reserved 557056K
  class space    used 15063K, committed 15616K, reserved 425984K
}
Event: 49.637 GC heap before
{Heap before GC invocations=53 (full 0):
 garbage-first heap   total 352256K, used 203635K [0x0000000080000000, 0x0000000100000000)
  region size 1024K, 17 young (17408K), 6 survivors (6144K)
 Metaspace       used 109589K, committed 110848K, reserved 557056K
  class space    used 15063K, committed 15616K, reserved 425984K
}
Event: 49.652 GC heap after
{Heap after GC invocations=54 (full 0):
 garbage-first heap   total 352256K, used 190759K [0x0000000080000000, 0x0000000100000000)
  region size 1024K, 3 young (3072K), 3 survivors (3072K)
 Metaspace       used 109589K, committed 110848K, reserved 557056K
  class space    used 15063K, committed 15616K, reserved 425984K
}

