# JRE version: OpenJDK Runtime Environment Microsoft-8035246 (17.0.8+7) (build 17.0.8+7-LTS)
# Java VM: OpenJDK 64-Bit Server VM Microsoft-8035246 (17.0.8+7-LTS, mixed mode, sharing, tiered, compressed oops, compressed class ptrs, g1 gc, windows-amd64)
GC Precious Log:
 CPUs: 4 total, 4 available
 Memory: 8080M
 Large Page Support: Disabled
 NUMA Support: Disabled
 Compressed Oops: Enabled (32-bit)
 Heap Region Size: 1M
 Heap Min Capacity: 8M
 Heap Initial Capacity: 128M
 Heap Max Capacity: 2G
 Pre-touch: Disabled
 Parallel Workers: 4
 Concurrent Workers: 1
 Concurrent Refinement Workers: 4
 Periodic GC: Disabled
Heap:
 garbage-first heap   total 363520K, used 260608K [0x0000000080000000, 0x0000000100000000)
  region size 1024K, 77 young (78848K), 11 survivors (11264K)
 Metaspace       used 109670K, committed 110848K, reserved 557056K
  class space    used 15070K, committed 15616K, reserved 425984K
GC Heap History (20 events):
Event: 38.020 GC heap before
{Heap before GC invocations=39 (full 0):
 garbage-first heap   total 274432K, used 97704K [0x0000000080000000, 0x0000000100000000)
  region size 1024K, 13 young (13312K), 8 survivors (8192K)
 Metaspace       used 79293K, committed 80128K, reserved 557056K
  class space    used 11071K, committed 11456K, reserved 425984K
}
Event: 38.030 GC heap after
{Heap after GC invocations=40 (full 0):
 garbage-first heap   total 274432K, used 93697K [0x0000000080000000, 0x0000000100000000)
  region size 1024K, 1 young (1024K), 1 survivors (1024K)
 Metaspace       used 79293K, committed 80128K, reserved 557056K
  class space    used 11071K, committed 11456K, reserved 425984K
}
Event: 45.296 GC heap before
{Heap before GC invocations=40 (full 0):
 garbage-first heap   total 274432K, used 201217K [0x0000000080000000, 0x0000000100000000)
  region size 1024K, 106 young (108544K), 1 survivors (1024K)
 Metaspace       used 84236K, committed 85056K, reserved 557056K
  class space    used 11736K, committed 12096K, reserved 425984K
}
Event: 45.312 GC heap after
{Heap after GC invocations=41 (full 0):
 garbage-first heap   total 274432K, used 99401K [0x0000000080000000, 0x0000000100000000)
  region size 1024K, 7 young (7168K), 7 survivors (7168K)
 Metaspace       used 84236K, committed 85056K, reserved 557056K
  class space    used 11736K, committed 12096K, reserved 425984K
}
Event: 46.933 GC heap before
{Heap before GC invocations=41 (full 0):
 garbage-first heap   total 274432K, used 207945K [0x0000000080000000, 0x0000000100000000)
  region size 1024K, 112 young (114688K), 7 survivors (7168K)
 Metaspace       used 91532K, committed 92352K, reserved 557056K
  class space    used 12908K, committed 13312K, reserved 425984K
}
Event: 46.955 GC heap after
{Heap after GC invocations=42 (full 0):
 garbage-first heap   total 274432K, used 103502K [0x0000000080000000, 0x0000000100000000)
  region size 1024K, 11 young (11264K), 11 survivors (11264K)
 Metaspace       used 91532K, committed 92352K, reserved 557056K
  class space    used 12908K, committed 13312K, reserved 425984K
}
Event: 49.050 GC heap before
{Heap before GC invocations=42 (full 0):
 garbage-first heap   total 274432K, used 213070K [0x0000000080000000, 0x0000000100000000)
  region size 1024K, 118 young (120832K), 11 survivors (11264K)
 Metaspace       used 96643K, committed 97600K, reserved 557056K
  class space    used 13584K, committed 14016K, reserved 425984K
}
Event: 49.090 GC heap after
{Heap after GC invocations=43 (full 0):
 garbage-first heap   total 274432K, used 116681K [0x0000000080000000, 0x0000000100000000)
  region size 1024K, 15 young (15360K), 15 survivors (15360K)
 Metaspace       used 96643K, committed 97600K, reserved 557056K
  class space    used 13584K, committed 14016K, reserved 425984K
}
Event: 51.075 GC heap before
{Heap before GC invocations=43 (full 0):
 garbage-first heap   total 274432K, used 218057K [0x0000000080000000, 0x0000000100000000)
  region size 1024K, 109 young (111616K), 15 survivors (15360K)
 Metaspace       used 98335K, committed 99328K, reserved 557056K
  class space    used 13772K, committed 14208K, reserved 425984K
}
Event: 51.118 GC heap after
{Heap after GC invocations=44 (full 0):
 garbage-first heap   total 274432K, used 141253K [0x0000000080000000, 0x0000000100000000)
  region size 1024K, 14 young (14336K), 14 survivors (14336K)
 Metaspace       used 98335K, committed 99328K, reserved 557056K
  class space    used 13772K, committed 14208K, reserved 425984K
}
Event: 52.674 GC heap before
{Heap before GC invocations=44 (full 0):
 garbage-first heap   total 274432K, used 213957K [0x0000000080000000, 0x0000000100000000)
  region size 1024K, 83 young (84992K), 14 survivors (14336K)
 Metaspace       used 99627K, committed 100608K, reserved 557056K
  class space    used 13901K, committed 14336K, reserved 425984K
}
Event: 52.709 GC heap after
{Heap after GC invocations=45 (full 0):
 garbage-first heap   total 274432K, used 157184K [0x0000000080000000, 0x0000000100000000)
  region size 1024K, 11 young (11264K), 11 survivors (11264K)
 Metaspace       used 99627K, committed 100608K, reserved 557056K
  class space    used 13901K, committed 14336K, reserved 425984K
}
Event: 54.102 GC heap before
{Heap before GC invocations=45 (full 0):
 garbage-first heap   total 274432K, used 216576K [0x0000000080000000, 0x0000000100000000)
  region size 1024K, 69 young (70656K), 11 survivors (11264K)
 Metaspace       used 101472K, committed 102592K, reserved 557056K
  class space    used 14139K, committed 14656K, reserved 425984K
}
Event: 54.136 GC heap after
{Heap after GC invocations=46 (full 0):
 garbage-first heap   total 274432K, used 166912K [0x0000000080000000, 0x0000000100000000)
  region size 1024K, 8 young (8192K), 8 survivors (8192K)
 Metaspace       used 101472K, committed 102592K, reserved 557056K
  class space    used 14139K, committed 14656K, reserved 425984K
}
Event: 56.049 GC heap before
{Heap before GC invocations=46 (full 0):
 garbage-first heap   total 274432K, used 221184K [0x0000000080000000, 0x0000000100000000)
  region size 1024K, 61 young (62464K), 8 survivors (8192K)
 Metaspace       used 105239K, committed 106304K, reserved 557056K
  class space    used 14659K, committed 15168K, reserved 425984K
}
Event: 56.088 GC heap after
{Heap after GC invocations=47 (full 0):
 garbage-first heap   total 363520K, used 171929K [0x0000000080000000, 0x0000000100000000)
  region size 1024K, 5 young (5120K), 5 survivors (5120K)
 Metaspace       used 105239K, committed 106304K, reserved 557056K
  class space    used 14659K, committed 15168K, reserved 425984K
}
Event: 58.772 GC heap before
{Heap before GC invocations=47 (full 0):
 garbage-first heap   total 363520K, used 281497K [0x0000000080000000, 0x0000000100000000)
  region size 1024K, 112 young (114688K), 5 survivors (5120K)
 Metaspace       used 107228K, committed 108416K, reserved 557056K
  class space    used 14883K, committed 15424K, reserved 425984K
}
Event: 58.811 GC heap after
{Heap after GC invocations=48 (full 0):
 garbage-first heap   total 363520K, used 184125K [0x0000000080000000, 0x0000000100000000)
  region size 1024K, 14 young (14336K), 14 survivors (14336K)
 Metaspace       used 107228K, committed 108416K, reserved 557056K
  class space    used 14883K, committed 15424K, reserved 425984K
}
Event: 60.578 GC heap before
{Heap before GC invocations=48 (full 0):
 garbage-first heap   total 363520K, used 290621K [0x0000000080000000, 0x0000000100000000)
  region size 1024K, 114 young (116736K), 14 survivors (14336K)
 Metaspace       used 109669K, committed 110848K, reserved 557056K
  class space    used 15070K, committed 15616K, reserved 425984K
}
Event: 60.619 GC heap after
{Heap after GC invocations=49 (full 0):
 garbage-first heap   total 363520K, used 195072K [0x0000000080000000, 0x0000000100000000)
  region size 1024K, 11 young (11264K), 11 survivors (11264K)
 Metaspace       used 109669K, committed 110848K, reserved 557056K
  class space    used 15070K, committed 15616K, reserved 425984K
}

