# JRE version: OpenJDK Runtime Environment Microsoft-8035246 (17.0.8+7) (build 17.0.8+7-LTS)
# Java VM: OpenJDK 64-Bit Server VM Microsoft-8035246 (17.0.8+7-LTS, mixed mode, sharing, tiered, compressed oops, compressed class ptrs, g1 gc, windows-amd64)
GC Precious Log:
 CPUs: 4 total, 4 available
 Memory: 8080M
 Large Page Support: Disabled
 NUMA Support: Disabled
 Compressed Oops: Enabled (32-bit)
 Heap Region Size: 1M
 Heap Min Capacity: 8M
 Heap Initial Capacity: 128M
 Heap Max Capacity: 2G
 Pre-touch: Disabled
 Parallel Workers: 4
 Concurrent Workers: 1
 Concurrent Refinement Workers: 4
 Periodic GC: Disabled
Heap:
 garbage-first heap   total 475136K, used 218512K [0x0000000080000000, 0x0000000100000000)
  region size 1024K, 32 young (32768K), 9 survivors (9216K)
 Metaspace       used 109502K, committed 110784K, reserved 557056K
  class space    used 15064K, committed 15616K, reserved 425984K
GC Heap History (20 events):
Event: 30.601 GC heap before
{Heap before GC invocations=34 (full 0):
 garbage-first heap   total 235520K, used 192495K [0x0000000080000000, 0x0000000100000000)
  region size 1024K, 97 young (99328K), 10 survivors (10240K)
 Metaspace       used 92139K, committed 92992K, reserved 557056K
  class space    used 12996K, committed 13376K, reserved 425984K
}
Event: 30.619 GC heap after
{Heap after GC invocations=35 (full 0):
 garbage-first heap   total 235520K, used 105777K [0x0000000080000000, 0x0000000100000000)
  region size 1024K, 10 young (10240K), 10 survivors (10240K)
 Metaspace       used 92139K, committed 92992K, reserved 557056K
  class space    used 12996K, committed 13376K, reserved 425984K
}
Event: 31.926 GC heap before
{Heap before GC invocations=35 (full 0):
 garbage-first heap   total 235520K, used 193841K [0x0000000080000000, 0x0000000100000000)
  region size 1024K, 96 young (98304K), 10 survivors (10240K)
 Metaspace       used 96382K, committed 97344K, reserved 557056K
  class space    used 13567K, committed 14016K, reserved 425984K
}
Event: 31.957 GC heap after
{Heap after GC invocations=36 (full 0):
 garbage-first heap   total 235520K, used 117356K [0x0000000080000000, 0x0000000100000000)
  region size 1024K, 12 young (12288K), 12 survivors (12288K)
 Metaspace       used 96382K, committed 97344K, reserved 557056K
  class space    used 13567K, committed 14016K, reserved 425984K
}
Event: 32.665 GC heap before
{Heap before GC invocations=36 (full 0):
 garbage-first heap   total 235520K, used 149100K [0x0000000080000000, 0x0000000100000000)
  region size 1024K, 44 young (45056K), 12 survivors (12288K)
 Metaspace       used 96801K, committed 97792K, reserved 557056K
  class space    used 13584K, committed 14016K, reserved 425984K
}
Event: 32.693 GC heap after
{Heap after GC invocations=37 (full 0):
 garbage-first heap   total 235520K, used 122880K [0x0000000080000000, 0x0000000100000000)
  region size 1024K, 5 young (5120K), 5 survivors (5120K)
 Metaspace       used 96801K, committed 97792K, reserved 557056K
  class space    used 13584K, committed 14016K, reserved 425984K
}
Event: 33.874 GC heap before
{Heap before GC invocations=38 (full 0):
 garbage-first heap   total 237568K, used 192512K [0x0000000080000000, 0x0000000100000000)
  region size 1024K, 68 young (69632K), 5 survivors (5120K)
 Metaspace       used 97622K, committed 98624K, reserved 557056K
  class space    used 13692K, committed 14144K, reserved 425984K
}
Event: 33.896 GC heap after
{Heap after GC invocations=39 (full 0):
 garbage-first heap   total 237568K, used 143872K [0x0000000080000000, 0x0000000100000000)
  region size 1024K, 9 young (9216K), 9 survivors (9216K)
 Metaspace       used 97622K, committed 98624K, reserved 557056K
  class space    used 13692K, committed 14144K, reserved 425984K
}
Event: 33.937 GC heap before
{Heap before GC invocations=39 (full 0):
 garbage-first heap   total 237568K, used 145920K [0x0000000080000000, 0x0000000100000000)
  region size 1024K, 11 young (11264K), 9 survivors (9216K)
 Metaspace       used 97626K, committed 98624K, reserved 557056K
  class space    used 13692K, committed 14144K, reserved 425984K
}
Event: 33.959 GC heap after
{Heap after GC invocations=40 (full 0):
 garbage-first heap   total 237568K, used 144652K [0x0000000080000000, 0x0000000100000000)
  region size 1024K, 2 young (2048K), 2 survivors (2048K)
 Metaspace       used 97626K, committed 98624K, reserved 557056K
  class space    used 13692K, committed 14144K, reserved 425984K
}
Event: 34.945 GC heap before
{Heap before GC invocations=40 (full 0):
 garbage-first heap   total 237568K, used 189708K [0x0000000080000000, 0x0000000100000000)
  region size 1024K, 47 young (48128K), 2 survivors (2048K)
 Metaspace       used 99294K, committed 100352K, reserved 557056K
  class space    used 13880K, committed 14336K, reserved 425984K
}
Event: 34.968 GC heap after
{Heap after GC invocations=41 (full 0):
 garbage-first heap   total 475136K, used 151552K [0x0000000080000000, 0x0000000100000000)
  region size 1024K, 6 young (6144K), 6 survivors (6144K)
 Metaspace       used 99294K, committed 100352K, reserved 557056K
  class space    used 13880K, committed 14336K, reserved 425984K
}
Event: 37.774 GC heap before
{Heap before GC invocations=42 (full 0):
 garbage-first heap   total 475136K, used 301056K [0x0000000080000000, 0x0000000100000000)
  region size 1024K, 151 young (154624K), 6 survivors (6144K)
 Metaspace       used 105167K, committed 106368K, reserved 557056K
  class space    used 14667K, committed 15232K, reserved 425984K
}
Event: 37.831 GC heap after
{Heap after GC invocations=43 (full 0):
 garbage-first heap   total 475136K, used 170932K [0x0000000080000000, 0x0000000100000000)
  region size 1024K, 19 young (19456K), 19 survivors (19456K)
 Metaspace       used 105167K, committed 106368K, reserved 557056K
  class space    used 14667K, committed 15232K, reserved 425984K
}
Event: 37.900 GC heap before
{Heap before GC invocations=43 (full 0):
 garbage-first heap   total 475136K, used 175028K [0x0000000080000000, 0x0000000100000000)
  region size 1024K, 23 young (23552K), 19 survivors (19456K)
 Metaspace       used 105325K, committed 106496K, reserved 557056K
  class space    used 14688K, committed 15232K, reserved 425984K
}
Event: 37.931 GC heap after
{Heap after GC invocations=44 (full 0):
 garbage-first heap   total 475136K, used 171185K [0x0000000080000000, 0x0000000100000000)
  region size 1024K, 2 young (2048K), 2 survivors (2048K)
 Metaspace       used 105325K, committed 106496K, reserved 557056K
  class space    used 14688K, committed 15232K, reserved 425984K
}
Event: 40.216 GC heap before
{Heap before GC invocations=44 (full 0):
 garbage-first heap   total 475136K, used 325809K [0x0000000080000000, 0x0000000100000000)
  region size 1024K, 149 young (152576K), 2 survivors (2048K)
 Metaspace       used 109056K, committed 110336K, reserved 557056K
  class space    used 15013K, committed 15616K, reserved 425984K
}
Event: 40.256 GC heap after
{Heap after GC invocations=45 (full 0):
 garbage-first heap   total 475136K, used 187975K [0x0000000080000000, 0x0000000100000000)
  region size 1024K, 19 young (19456K), 19 survivors (19456K)
 Metaspace       used 109056K, committed 110336K, reserved 557056K
  class space    used 15013K, committed 15616K, reserved 425984K
}
Event: 42.088 GC heap before
{Heap before GC invocations=45 (full 0):
 garbage-first heap   total 475136K, used 335431K [0x0000000080000000, 0x0000000100000000)
  region size 1024K, 164 young (167936K), 19 survivors (19456K)
 Metaspace       used 109502K, committed 110784K, reserved 557056K
  class space    used 15064K, committed 15616K, reserved 425984K
}
Event: 42.144 GC heap after
{Heap after GC invocations=46 (full 0):
 garbage-first heap   total 475136K, used 195984K [0x0000000080000000, 0x0000000100000000)
  region size 1024K, 9 young (9216K), 9 survivors (9216K)
 Metaspace       used 109502K, committed 110784K, reserved 557056K
  class space    used 15064K, committed 15616K, reserved 425984K
}

